-------------------------------------------------------------------------------
Test set: com.robgro.rgpetclinic.RgPetClinicApplicationTests
-------------------------------------------------------------------------------
Tests run: 1, Failures: 0, Errors: 1, Skipped: 0, Time elapsed: 5.102 s <<< FAILURE! - in com.robgro.rgpetclinic.RgPetClinicApplicationTests
contextLoads  Time elapsed: 0.001 s  <<< ERROR!
java.lang.IllegalStateException: Failed to load ApplicationContext
Caused by: java.lang.IllegalStateException: Failed to execute CommandLineRunner
Caused by: org.springframework.dao.InvalidDataAccessApiUsageException: org.hibernate.TransientPropertyValueException: object references an unsaved transient instance - save the transient instance before flushing : com.robgro.rgpetclinic.model.Visit.pet -> com.robgro.rgpetclinic.model.Pet; nested exception is java.lang.IllegalStateException: org.hibernate.TransientPropertyValueException: object references an unsaved transient instance - save the transient instance before flushing : com.robgro.rgpetclinic.model.Visit.pet -> com.robgro.rgpetclinic.model.Pet
Caused by: java.lang.IllegalStateException: org.hibernate.TransientPropertyValueException: object references an unsaved transient instance - save the transient instance before flushing : com.robgro.rgpetclinic.model.Visit.pet -> com.robgro.rgpetclinic.model.Pet
Caused by: org.hibernate.TransientPropertyValueException: object references an unsaved transient instance - save the transient instance before flushing : com.robgro.rgpetclinic.model.Visit.pet -> com.robgro.rgpetclinic.model.Pet

